2022-05-24 10:12:52,995 [Worker-2: Loading available Gradle versions] INFO  o.e.b.c.i.u.g.PublishedGradleVersions - Gradle version information cache is out-of-date. Trying to update.
2022-05-24 10:17:16,628 [Worker-8: Loading available Gradle versions] INFO  o.e.b.c.i.u.g.PublishedGradleVersions - Gradle version information cache is up-to-date. Trying to read.
2022-05-24 11:47:33,754 [Worker-35: Creating project "com.Sample"] INFO  o.e.m.c.i.l.LifecycleMappingFactory - Using org.eclipse.m2e.jdt.JarLifecycleMapping lifecycle mapping for MavenProject: GameStoreApp:com.Sample:0.0.1-SNAPSHOT @ /home/localadmin/Documents/Web Service/com.Sample/pom.xml.
2022-05-24 11:47:34,010 [Worker-35: Creating project "com.Sample"] INFO  o.e.m.j.i.AbstractJavaProjectConfigurator - Adding source folder /com.Sample/src/main/java
2022-05-24 11:47:34,011 [Worker-35: Creating project "com.Sample"] INFO  o.e.m.j.i.AbstractJavaProjectConfigurator - Adding resource folder /com.Sample/src/main/resources
2022-05-24 11:47:34,011 [Worker-35: Creating project "com.Sample"] INFO  o.e.m.j.i.AbstractJavaProjectConfigurator - Adding source folder /com.Sample/src/test/java
2022-05-24 11:47:34,012 [Worker-35: Creating project "com.Sample"] INFO  o.e.m.j.i.AbstractJavaProjectConfigurator - Adding resource folder /com.Sample/src/test/resources
2022-05-24 11:47:34,245 [Worker-42: Building] WARN  o.e.m.c.i.embedder.EclipseLogger - Using platform encoding (UTF-8 actually) to copy filtered resources, i.e. build is platform dependent!
2022-05-24 11:47:34,248 [Worker-42: Building] INFO  o.e.m.c.i.embedder.EclipseLogger - Copying 0 resource
2022-05-24 11:47:34,250 [Worker-42: Building] WARN  o.e.m.c.i.embedder.EclipseLogger - Using platform encoding (UTF-8 actually) to copy filtered resources, i.e. build is platform dependent!
2022-05-24 11:47:34,250 [Worker-42: Building] INFO  o.e.m.c.i.embedder.EclipseLogger - Copying 0 resource
2022-05-24 11:48:27,175 [Worker-25: Creating project "GamesStoreApp"] INFO  o.e.m.c.i.l.LifecycleMappingFactory - Using org.eclipse.m2e.jdt.JarLifecycleMapping lifecycle mapping for MavenProject: com.sample:GamesStoreApp:0.0.1-SNAPSHOT @ /home/localadmin/Documents/Web Service/GamesStoreApp/pom.xml.
2022-05-24 11:48:27,310 [Worker-25: Creating project "GamesStoreApp"] INFO  o.e.m.j.i.AbstractJavaProjectConfigurator - Adding source folder /GamesStoreApp/src/main/java
2022-05-24 11:48:27,310 [Worker-25: Creating project "GamesStoreApp"] INFO  o.e.m.j.i.AbstractJavaProjectConfigurator - Adding resource folder /GamesStoreApp/src/main/resources
2022-05-24 11:48:27,310 [Worker-25: Creating project "GamesStoreApp"] INFO  o.e.m.j.i.AbstractJavaProjectConfigurator - Adding source folder /GamesStoreApp/src/test/java
2022-05-24 11:48:27,310 [Worker-25: Creating project "GamesStoreApp"] INFO  o.e.m.j.i.AbstractJavaProjectConfigurator - Adding resource folder /GamesStoreApp/src/test/resources
2022-05-24 11:48:27,547 [Worker-25: Building] WARN  o.e.m.c.i.embedder.EclipseLogger - Using platform encoding (UTF-8 actually) to copy filtered resources, i.e. build is platform dependent!
2022-05-24 11:48:27,548 [Worker-25: Building] INFO  o.e.m.c.i.embedder.EclipseLogger - Copying 0 resource
2022-05-24 11:48:27,549 [Worker-25: Building] WARN  o.e.m.c.i.embedder.EclipseLogger - Using platform encoding (UTF-8 actually) to copy filtered resources, i.e. build is platform dependent!
2022-05-24 11:48:27,550 [Worker-25: Building] INFO  o.e.m.c.i.embedder.EclipseLogger - Copying 0 resource
2022-05-24 12:24:07,305 [Worker-4: Loading available Gradle versions] INFO  o.e.b.c.i.u.g.PublishedGradleVersions - Gradle version information cache is up-to-date. Trying to read.
